2017-09-15 09:26:40 [DEBUG] - Loaded initial configuration from 'exp_19/config.cfg'
2017-09-15 09:26:40 [INFO] - Started logging into 'exp_19/output.log'
2017-09-15 09:26:40 [DEBUG] - Configuration parsed successfully.
2017-09-15 09:26:40 [DEBUG] - * inputs_paths : [{/ h o m e / k a t h r i n / w o r k / D e S y D e _ D A T E 1 8 / e x a m p l e s / D A T E 1 8 / e x p _ 1 9 / s d f s / a _ s o b e l . h s d f . x m l } {/ h o m e / k a t h r i n / w o r k / D e S y D e _ D A T E 1 8 / e x a m p l e s / D A T E 1 8 / e x p _ 1 9 / s d f s / b _ s u s a n . h s d f . x m l } {/ h o m e / k a t h r i n / w o r k / D e S y D e _ D A T E 1 8 / e x a m p l e s / D A T E 1 8 / e x p _ 1 9 / x m l s / W C E T s . x m l } {/ h o m e / k a t h r i n / w o r k / D e S y D e _ D A T E 1 8 / e x a m p l e s / D A T E 1 8 / e x p _ 1 9 / x m l s / d e s C o n s t . x m l } {/ h o m e / k a t h r i n / w o r k / D e S y D e _ D A T E 1 8 / e x a m p l e s / D A T E 1 8 / e x p _ 1 9 / x m l s / p l a t f o r m . x m l } {/ h o m e / k a t h r i n / w o r k / D e S y D e _ D A T E 1 8 / e x a m p l e s / D A T E 1 8 / e x p _ 1 9 / x m l s / t a s k s e t . x m l } ]
                              * output_path : exp_19/run1/
                              * logger : exp_19/output.log
                              * log level : INFO | DEBUG
                              * model : 2
                              * search : 4
                              * propagator : 1
                              * criteria : [1 ]
                              * timeout : 1800000 | 14400000
                              * no of threads : 1
                              * no good depth : 100
                              * luby_scale : 20
                              * throughput propagator : 1
2017-09-15 09:26:40 [INFO] - Storing WCET XML file...
2017-09-15 09:26:40 [INFO] - Storing desConst XML file...
2017-09-15 09:26:40 [INFO] - Parsing platform XML files...
2017-09-15 09:26:40 [DEBUG] - running xpathString  ///@name on platform xml ...
2017-09-15 09:26:40 [DEBUG] - Platform class is parsing the following platform: demo_platform...
2017-09-15 09:26:40 [DEBUG] - Platform class is parsing the following platform: eco...
2017-09-15 09:26:40 [DEBUG] - Platform class is parsing the following platform: default...
2017-09-15 09:26:40 [DEBUG] - Platform class is parsing the following platform: eco...
2017-09-15 09:26:40 [DEBUG] - Platform class is parsing the following platform: default...
2017-09-15 09:26:40 [DEBUG] - Platform class is parsing the following platform: 2x2TDN...
2017-09-15 09:26:40 [DEBUG] - Platform class is parsing the following platform: slow...
2017-09-15 09:26:40 [DEBUG] - Platform class is parsing the following platform: default...
2017-09-15 09:26:40 [DEBUG] - Platform class is parsing the following platform: fast...
2017-09-15 09:26:40 [DEBUG] - running xpathString  ///platform/processor platform xml ...
2017-09-15 09:26:40 [DEBUG] - Reading processor model: microblaze...
2017-09-15 09:26:40 [DEBUG] - Reading processor mode: eco...
2017-09-15 09:26:40 [DEBUG] - Reading processor mode: default...
2017-09-15 09:26:40 [DEBUG] - Reading processor mode: eco...
2017-09-15 09:26:40 [DEBUG] - Reading processor mode: default...
2017-09-15 09:26:40 [DEBUG] - Reading processor mode: eco...
2017-09-15 09:26:40 [DEBUG] - Reading processor mode: default...
2017-09-15 09:26:40 [DEBUG] - Reading processor model: arm...
2017-09-15 09:26:40 [DEBUG] - Reading processor mode: eco...
2017-09-15 09:26:40 [DEBUG] - Reading processor mode: default...
2017-09-15 09:26:40 [DEBUG] - running xpathString  ///platform/interconnect platform xml ...
2017-09-15 09:26:40 [DEBUG] - 1 interconnect(s) found.
2017-09-15 09:26:40 [DEBUG] - Found a 2x2TDN with mesh topology, Y-X routing, 2 columns, 2 rows, 128 bit flit size, 4 tdnCycles, 1 tdnCycles per proc, and 3 modes.
2017-09-15 09:26:40 [DEBUG] - Creating the TDN graph / table:
2017-09-15 09:26:40 [DEBUG] - Initialized TDN graph with 64 nodes. Now filling with info...
2017-09-15 09:26:40 [DEBUG] - #### OUT FROM NI ###########
2017-09-15 09:26:40 [DEBUG] - #### UP ###########
2017-09-15 09:26:40 [DEBUG] - #### DOWN ###########
2017-09-15 09:26:40 [DEBUG] - #### RIGHT ###########
2017-09-15 09:26:40 [DEBUG] - #### LEFT ###########
2017-09-15 09:26:40 [DEBUG] - #### TO NI ###########
2017-09-15 09:26:40 [DEBUG] - Now, let's travel through the entire NoC...
2017-09-15 09:26:40 [DEBUG] - 0 to 1 in cycle 0:  [0 33 54 ]
2017-09-15 09:26:40 [DEBUG] - 0 to 2 in cycle 0:  [0 17 58 ]
2017-09-15 09:26:40 [DEBUG] - 0 to 3 in cycle 0:  [0 17 38 63 ]
2017-09-15 09:26:40 [DEBUG] - 0 to 1 in cycle 1:  [1 34 55 ]
2017-09-15 09:26:40 [DEBUG] - 0 to 2 in cycle 1:  [1 18 59 ]
2017-09-15 09:26:40 [DEBUG] - 0 to 3 in cycle 1:  [1 18 39 60 ]
2017-09-15 09:26:40 [DEBUG] - 0 to 1 in cycle 2:  [2 35 52 ]
2017-09-15 09:26:40 [DEBUG] - 0 to 2 in cycle 2:  [2 19 56 ]
2017-09-15 09:26:40 [DEBUG] - 0 to 3 in cycle 2:  [2 19 36 61 ]
2017-09-15 09:26:40 [DEBUG] - 0 to 1 in cycle 3:  [3 32 53 ]
2017-09-15 09:26:40 [DEBUG] - 0 to 2 in cycle 3:  [3 16 57 ]
2017-09-15 09:26:40 [DEBUG] - 0 to 3 in cycle 3:  [3 16 37 62 ]
2017-09-15 09:26:40 [DEBUG] - 1 to 0 in cycle 0:  [4 41 50 ]
2017-09-15 09:26:40 [DEBUG] - 1 to 2 in cycle 0:  [4 21 46 59 ]
2017-09-15 09:26:40 [DEBUG] - 1 to 3 in cycle 0:  [4 21 62 ]
2017-09-15 09:26:40 [DEBUG] - 1 to 0 in cycle 1:  [5 42 51 ]
2017-09-15 09:26:40 [DEBUG] - 1 to 2 in cycle 1:  [5 22 47 56 ]
2017-09-15 09:26:40 [DEBUG] - 1 to 3 in cycle 1:  [5 22 63 ]
2017-09-15 09:26:40 [DEBUG] - 1 to 0 in cycle 2:  [6 43 48 ]
2017-09-15 09:26:40 [DEBUG] - 1 to 2 in cycle 2:  [6 23 44 57 ]
2017-09-15 09:26:40 [DEBUG] - 1 to 3 in cycle 2:  [6 23 60 ]
2017-09-15 09:26:40 [DEBUG] - 1 to 0 in cycle 3:  [7 40 49 ]
2017-09-15 09:26:40 [DEBUG] - 1 to 2 in cycle 3:  [7 20 45 58 ]
2017-09-15 09:26:40 [DEBUG] - 1 to 3 in cycle 3:  [7 20 61 ]
2017-09-15 09:26:40 [DEBUG] - 2 to 0 in cycle 0:  [8 25 50 ]
2017-09-15 09:26:40 [DEBUG] - 2 to 1 in cycle 0:  [8 25 34 55 ]
2017-09-15 09:26:40 [DEBUG] - 2 to 3 in cycle 0:  [8 37 62 ]
2017-09-15 09:26:40 [DEBUG] - 2 to 0 in cycle 1:  [9 26 51 ]
2017-09-15 09:26:40 [DEBUG] - 2 to 1 in cycle 1:  [9 26 35 52 ]
2017-09-15 09:26:40 [DEBUG] - 2 to 3 in cycle 1:  [9 38 63 ]
2017-09-15 09:26:40 [DEBUG] - 2 to 0 in cycle 2:  [10 27 48 ]
2017-09-15 09:26:40 [DEBUG] - 2 to 1 in cycle 2:  [10 27 32 53 ]
2017-09-15 09:26:40 [DEBUG] - 2 to 3 in cycle 2:  [10 39 60 ]
2017-09-15 09:26:40 [DEBUG] - 2 to 0 in cycle 3:  [11 24 49 ]
2017-09-15 09:26:40 [DEBUG] - 2 to 1 in cycle 3:  [11 24 33 54 ]
2017-09-15 09:26:40 [DEBUG] - 2 to 3 in cycle 3:  [11 36 61 ]
2017-09-15 09:26:40 [DEBUG] - 3 to 0 in cycle 0:  [12 29 42 51 ]
2017-09-15 09:26:40 [DEBUG] - 3 to 1 in cycle 0:  [12 29 54 ]
2017-09-15 09:26:40 [DEBUG] - 3 to 2 in cycle 0:  [12 45 58 ]
2017-09-15 09:26:40 [DEBUG] - 3 to 0 in cycle 1:  [13 30 43 48 ]
2017-09-15 09:26:40 [DEBUG] - 3 to 1 in cycle 1:  [13 30 55 ]
2017-09-15 09:26:40 [DEBUG] - 3 to 2 in cycle 1:  [13 46 59 ]
2017-09-15 09:26:40 [DEBUG] - 3 to 0 in cycle 2:  [14 31 40 49 ]
2017-09-15 09:26:40 [DEBUG] - 3 to 1 in cycle 2:  [14 31 52 ]
2017-09-15 09:26:40 [DEBUG] - 3 to 2 in cycle 2:  [14 47 56 ]
2017-09-15 09:26:40 [DEBUG] - 3 to 0 in cycle 3:  [15 28 41 50 ]
2017-09-15 09:26:40 [DEBUG] - 3 to 1 in cycle 3:  [15 28 53 ]
2017-09-15 09:26:40 [DEBUG] - 3 to 2 in cycle 3:  [15 44 57 ]
2017-09-15 09:26:40 [DEBUG] - NoC-nodes [0 ] can pass through link (-1, 0)
2017-09-15 09:26:40 [DEBUG] - NoC-nodes [0 ] can pass through link (-1, 0)
2017-09-15 09:26:40 [DEBUG] - NoC-nodes [0 ] can pass through link (-1, 0)
2017-09-15 09:26:40 [DEBUG] - NoC-nodes [0 ] can pass through link (-1, 0)
2017-09-15 09:26:40 [DEBUG] - NoC-nodes [1 ] can pass through link (-1, 1)
2017-09-15 09:26:40 [DEBUG] - NoC-nodes [1 ] can pass through link (-1, 1)
2017-09-15 09:26:40 [DEBUG] - NoC-nodes [1 ] can pass through link (-1, 1)
2017-09-15 09:26:40 [DEBUG] - NoC-nodes [1 ] can pass through link (-1, 1)
2017-09-15 09:26:40 [DEBUG] - NoC-nodes [2 ] can pass through link (-1, 2)
2017-09-15 09:26:40 [DEBUG] - NoC-nodes [2 ] can pass through link (-1, 2)
2017-09-15 09:26:40 [DEBUG] - NoC-nodes [2 ] can pass through link (-1, 2)
2017-09-15 09:26:40 [DEBUG] - NoC-nodes [2 ] can pass through link (-1, 2)
2017-09-15 09:26:40 [DEBUG] - NoC-nodes [3 ] can pass through link (-1, 3)
2017-09-15 09:26:40 [DEBUG] - NoC-nodes [3 ] can pass through link (-1, 3)
2017-09-15 09:26:40 [DEBUG] - NoC-nodes [3 ] can pass through link (-1, 3)
2017-09-15 09:26:40 [DEBUG] - NoC-nodes [3 ] can pass through link (-1, 3)
2017-09-15 09:26:40 [DEBUG] - NoC-nodes [0 ] can pass through link (0, 2)
2017-09-15 09:26:40 [DEBUG] - NoC-nodes [0 ] can pass through link (0, 2)
2017-09-15 09:26:40 [DEBUG] - NoC-nodes [0 ] can pass through link (0, 2)
2017-09-15 09:26:40 [DEBUG] - NoC-nodes [0 ] can pass through link (0, 2)
2017-09-15 09:26:40 [DEBUG] - NoC-nodes [1 ] can pass through link (1, 3)
2017-09-15 09:26:40 [DEBUG] - NoC-nodes [1 ] can pass through link (1, 3)
2017-09-15 09:26:40 [DEBUG] - NoC-nodes [1 ] can pass through link (1, 3)
2017-09-15 09:26:40 [DEBUG] - NoC-nodes [1 ] can pass through link (1, 3)
2017-09-15 09:26:40 [DEBUG] - NoC-nodes [2 ] can pass through link (2, 0)
2017-09-15 09:26:40 [DEBUG] - NoC-nodes [2 ] can pass through link (2, 0)
2017-09-15 09:26:40 [DEBUG] - NoC-nodes [2 ] can pass through link (2, 0)
2017-09-15 09:26:40 [DEBUG] - NoC-nodes [2 ] can pass through link (2, 0)
2017-09-15 09:26:40 [DEBUG] - NoC-nodes [3 ] can pass through link (3, 1)
2017-09-15 09:26:40 [DEBUG] - NoC-nodes [3 ] can pass through link (3, 1)
2017-09-15 09:26:40 [DEBUG] - NoC-nodes [3 ] can pass through link (3, 1)
2017-09-15 09:26:40 [DEBUG] - NoC-nodes [3 ] can pass through link (3, 1)
2017-09-15 09:26:40 [DEBUG] - NoC-nodes [0 2 ] can pass through link (0, 1)
2017-09-15 09:26:40 [DEBUG] - NoC-nodes [0 2 ] can pass through link (0, 1)
2017-09-15 09:26:40 [DEBUG] - NoC-nodes [0 2 ] can pass through link (0, 1)
2017-09-15 09:26:40 [DEBUG] - NoC-nodes [0 2 ] can pass through link (0, 1)
2017-09-15 09:26:40 [DEBUG] - NoC-nodes [0 2 ] can pass through link (2, 3)
2017-09-15 09:26:40 [DEBUG] - NoC-nodes [0 2 ] can pass through link (2, 3)
2017-09-15 09:26:40 [DEBUG] - NoC-nodes [0 2 ] can pass through link (2, 3)
2017-09-15 09:26:40 [DEBUG] - NoC-nodes [0 2 ] can pass through link (2, 3)
2017-09-15 09:26:40 [DEBUG] - NoC-nodes [1 3 ] can pass through link (1, 0)
2017-09-15 09:26:40 [DEBUG] - NoC-nodes [1 3 ] can pass through link (1, 0)
2017-09-15 09:26:40 [DEBUG] - NoC-nodes [1 3 ] can pass through link (1, 0)
2017-09-15 09:26:40 [DEBUG] - NoC-nodes [1 3 ] can pass through link (1, 0)
2017-09-15 09:26:40 [DEBUG] - NoC-nodes [1 3 ] can pass through link (3, 2)
2017-09-15 09:26:40 [DEBUG] - NoC-nodes [1 3 ] can pass through link (3, 2)
2017-09-15 09:26:40 [DEBUG] - NoC-nodes [1 3 ] can pass through link (3, 2)
2017-09-15 09:26:40 [DEBUG] - NoC-nodes [1 3 ] can pass through link (3, 2)
2017-09-15 09:26:40 [DEBUG] - NoC-nodes [1 2 3 ] can pass through link (0, -1)
2017-09-15 09:26:40 [DEBUG] - NoC-nodes [1 2 3 ] can pass through link (0, -1)
2017-09-15 09:26:40 [DEBUG] - NoC-nodes [1 2 3 ] can pass through link (0, -1)
2017-09-15 09:26:40 [DEBUG] - NoC-nodes [1 2 3 ] can pass through link (0, -1)
2017-09-15 09:26:40 [DEBUG] - NoC-nodes [0 2 3 ] can pass through link (1, -1)
2017-09-15 09:26:40 [DEBUG] - NoC-nodes [0 2 3 ] can pass through link (1, -1)
2017-09-15 09:26:40 [DEBUG] - NoC-nodes [0 2 3 ] can pass through link (1, -1)
2017-09-15 09:26:40 [DEBUG] - NoC-nodes [0 2 3 ] can pass through link (1, -1)
2017-09-15 09:26:40 [DEBUG] - NoC-nodes [0 1 3 ] can pass through link (2, -1)
2017-09-15 09:26:40 [DEBUG] - NoC-nodes [0 1 3 ] can pass through link (2, -1)
2017-09-15 09:26:40 [DEBUG] - NoC-nodes [0 1 3 ] can pass through link (2, -1)
2017-09-15 09:26:40 [DEBUG] - NoC-nodes [0 1 3 ] can pass through link (2, -1)
2017-09-15 09:26:40 [DEBUG] - NoC-nodes [0 1 2 ] can pass through link (3, -1)
2017-09-15 09:26:40 [DEBUG] - NoC-nodes [0 1 2 ] can pass through link (3, -1)
2017-09-15 09:26:40 [DEBUG] - NoC-nodes [0 1 2 ] can pass through link (3, -1)
2017-09-15 09:26:40 [DEBUG] - NoC-nodes [0 1 2 ] can pass through link (3, -1)
2017-09-15 09:26:40 [DEBUG] - ### Done with TDN table. ###
2017-09-15 09:26:40 [INFO] - PE[0]: PE:microblaze_0[model=microblaze], no_types=2, speeds(65, 13)
                             PE[1]: PE:microblaze_1[model=microblaze], no_types=2, speeds(65, 13)
                             PE[2]: PE:microblaze_2[model=microblaze], no_types=2, speeds(65, 13)
                             PE[3]: PE:arm_0[model=arm], no_types=2, speeds(10, 1)
2017-09-15 09:26:40 [INFO] - Parsing taskset XML files...
2017-09-15 09:26:40 [DEBUG] - running xpathString  ///taskset/@name on task set ...
2017-09-15 09:26:40 [DEBUG] - TaskSet class is parsing the following taskset: demo_task_set...
2017-09-15 09:26:40 [DEBUG] - running xpathString  ///taskset/periodicTask on task set ...
2017-09-15 09:26:40 [DEBUG] - Reading task with type: pr0...
2017-09-15 09:26:40 [DEBUG] - Reading task with type: pr1...
2017-09-15 09:26:40 [INFO] - did not import any periodic tasks!
2017-09-15 09:26:40 [INFO] - Parsing SDF3 graphs...
2017-09-15 09:26:40 [DEBUG] - Parsing /home/kathrin/work/DeSyDe_DATE18/examples/DATE18/exp_19/sdfs/a_sobel.hsdf.xml...
2017-09-15 09:26:40 [DEBUG] - Found XSD schema at http://www.es.ele.tue.nl/sdf3/xsd/sdf3-sdf.xsd
2017-09-15 09:26:40 [DEBUG] - Document valid
2017-09-15 09:26:40 [DEBUG] - Parsed /home/kathrin/work/DeSyDe_DATE18/examples/DATE18/exp_19/sdfs/a_sobel.hsdf.xml
2017-09-15 09:26:40 [INFO] - Parsing application a_sobel...
2017-09-15 09:26:40 [DEBUG] - Calculating repetition vector for a_sobel
2017-09-15 09:26:40 [DEBUG] - Found repetition vector: [1 1 1 1 ]
2017-09-15 09:26:40 [DEBUG] - Transforming graph a_sobel from HSDF...
2017-09-15 09:26:40 [DEBUG] - All 4 actors of graph a_sobel:
2017-09-15 09:26:40 [DEBUG] - actor 0: get_pixel, parent(id): get(0); code size: 262144; data size: 262144
2017-09-15 09:26:40 [DEBUG] - actor 1: gx, parent(id): gx(1); code size: 262144; data size: 262144
2017-09-15 09:26:40 [DEBUG] - actor 2: gy, parent(id): gy(2); code size: 262144; data size: 262144
2017-09-15 09:26:40 [DEBUG] - actor 3: abs, parent(id): abs(3); code size: 262144; data size: 262144
2017-09-15 09:26:40 [DEBUG] - All 4 channels of graph a_sobel:
2017-09-15 09:26:40 [DEBUG] - channel 0: chSo1_0 from get_pixel(0) [prod: 1] to gx(1) [cons: 1]; initial tokens: 0; token size: 2048; message size: 2048
2017-09-15 09:26:40 [DEBUG] - channel 1: chSo2_0 from get_pixel(0) [prod: 1] to gy(2) [cons: 1]; initial tokens: 0; token size: 2048; message size: 2048
2017-09-15 09:26:40 [DEBUG] - channel 2: chSo3_0 from gx(1) [prod: 1] to abs(3) [cons: 1]; initial tokens: 0; token size: 2048; message size: 2048
2017-09-15 09:26:40 [DEBUG] - channel 3: chSo4_0 from gy(2) [prod: 1] to abs(3) [cons: 1]; initial tokens: 0; token size: 2048; message size: 2048
2017-09-15 09:26:40 [DEBUG] - SDFGraph intermediate representation built successfully
2017-09-15 09:26:40 [INFO] - Parsing SDF3 graphs...
2017-09-15 09:26:40 [DEBUG] - Parsing /home/kathrin/work/DeSyDe_DATE18/examples/DATE18/exp_19/sdfs/b_susan.hsdf.xml...
2017-09-15 09:26:40 [DEBUG] - Found XSD schema at http://www.es.ele.tue.nl/sdf3/xsd/sdf3-sdf.xsd
2017-09-15 09:26:40 [DEBUG] - Document valid
2017-09-15 09:26:40 [DEBUG] - Parsed /home/kathrin/work/DeSyDe_DATE18/examples/DATE18/exp_19/sdfs/b_susan.hsdf.xml
2017-09-15 09:26:40 [INFO] - Parsing application b_susan...
2017-09-15 09:26:40 [DEBUG] - Calculating repetition vector for b_susan
2017-09-15 09:26:40 [DEBUG] - Found repetition vector: [1 1 1 1 1 ]
2017-09-15 09:26:40 [DEBUG] - Transforming graph b_susan from HSDF...
2017-09-15 09:26:40 [DEBUG] - All 5 actors of graph b_susan:
2017-09-15 09:26:40 [DEBUG] - actor 0: getImage, parent(id): getImage(0); code size: 209715; data size: 209715
2017-09-15 09:26:40 [DEBUG] - actor 1: usan, parent(id): usan(1); code size: 209715; data size: 209715
2017-09-15 09:26:40 [DEBUG] - actor 2: direction, parent(id): direction(2); code size: 209715; data size: 209715
2017-09-15 09:26:40 [DEBUG] - actor 3: thin, parent(id): thin(3); code size: 209715; data size: 209715
2017-09-15 09:26:40 [DEBUG] - actor 4: putImage, parent(id): putImage(4); code size: 209715; data size: 209715
2017-09-15 09:26:40 [DEBUG] - All 4 channels of graph b_susan:
2017-09-15 09:26:40 [DEBUG] - channel 0: chSu0_0 from getImage(0) [prod: 1] to usan(1) [cons: 1]; initial tokens: 0; token size: 2048; message size: 2048
2017-09-15 09:26:40 [DEBUG] - channel 1: chSu0_1 from usan(1) [prod: 1] to direction(2) [cons: 1]; initial tokens: 0; token size: 2048; message size: 2048
2017-09-15 09:26:40 [DEBUG] - channel 2: chSu0_3 from direction(2) [prod: 1] to thin(3) [cons: 1]; initial tokens: 0; token size: 2048; message size: 2048
2017-09-15 09:26:40 [DEBUG] - channel 3: chSu0_6 from thin(3) [prod: 1] to putImage(4) [cons: 1]; initial tokens: 0; token size: 2048; message size: 2048
2017-09-15 09:26:40 [DEBUG] - SDFGraph intermediate representation built successfully
2017-09-15 09:26:40 [INFO] - Creating an application object ...
2017-09-15 09:26:40 [DEBUG] - running xpathString  ///designConstraints/constraint on desConst file ...
2017-09-15 09:26:40 [DEBUG] - xml_constraints size=6
2017-09-15 09:26:40 [DEBUG] - Reading constraints for app: a_sobel...
2017-09-15 09:26:40 [DEBUG] - Reading constraints for app: b_susan...
2017-09-15 09:26:40 [DEBUG] - Reading constraints for app: c_rasta...
2017-09-15 09:26:40 [DEBUG] - Reading constraints for app: d_jpegEnc1...
2017-09-15 09:26:40 [DEBUG] - Reading constraints for app: e_vad...
2017-09-15 09:26:40 [DEBUG] - Reading constraints for app: g10_3_cycl...
2017-09-15 09:26:40 [INFO] - 9 sdf parents, 9 actors 8 channels 0 pr tasks
2017-09-15 09:26:40 [INFO] - Creating a mapping object ...
2017-09-15 09:26:40 [DEBUG] - running xpathString  ///WCET_table/mapping on WCET file ...
2017-09-15 09:26:40 [DEBUG] - Reading mapping for task type: get_pixel...
2017-09-15 09:26:40 [DEBUG] - Proc: microblaze, proc_mode: default, WCET: 11653
2017-09-15 09:26:40 [DEBUG] - Proc: microblaze, proc_mode: eco, WCET: 116534
2017-09-15 09:26:40 [DEBUG] - Proc: arm, proc_mode: default, WCET: 3330
2017-09-15 09:26:40 [DEBUG] - Proc: arm, proc_mode: eco, WCET: 33362
2017-09-15 09:26:40 [DEBUG] - Reading mapping for task type: gx...
2017-09-15 09:26:40 [DEBUG] - Proc: microblaze, proc_mode: default, WCET: 6277
2017-09-15 09:26:40 [DEBUG] - Proc: microblaze, proc_mode: eco, WCET: 31385
2017-09-15 09:26:40 [DEBUG] - Proc: arm, proc_mode: default, WCET: 4169
2017-09-15 09:26:40 [DEBUG] - Proc: arm, proc_mode: eco, WCET: 0
2017-09-15 09:26:40 [DEBUG] - Reading mapping for task type: gy...
2017-09-15 09:26:40 [DEBUG] - Proc: microblaze, proc_mode: default, WCET: 6277
2017-09-15 09:26:40 [DEBUG] - Proc: microblaze, proc_mode: eco, WCET: 31385
2017-09-15 09:26:40 [DEBUG] - Proc: arm, proc_mode: default, WCET: 4169
2017-09-15 09:26:40 [DEBUG] - Proc: arm, proc_mode: eco, WCET: 30845
2017-09-15 09:26:40 [DEBUG] - Reading mapping for task type: abs...
2017-09-15 09:26:40 [DEBUG] - Proc: microblaze, proc_mode: default, WCET: 5619
2017-09-15 09:26:40 [DEBUG] - Proc: microblaze, proc_mode: eco, WCET: 28095
2017-09-15 09:26:40 [DEBUG] - Proc: arm, proc_mode: default, WCET: 170
2017-09-15 09:26:40 [DEBUG] - Proc: arm, proc_mode: eco, WCET: 1500
2017-09-15 09:26:40 [DEBUG] - Reading mapping for task type: getImage...
2017-09-15 09:26:40 [DEBUG] - Proc: microblaze, proc_mode: default, WCET: 8138
2017-09-15 09:26:40 [DEBUG] - Proc: microblaze, proc_mode: eco, WCET: 4069
2017-09-15 09:26:40 [DEBUG] - Proc: arm, proc_mode: default, WCET: 626
2017-09-15 09:26:40 [DEBUG] - Proc: arm, proc_mode: eco, WCET: 6250
2017-09-15 09:26:40 [DEBUG] - Reading mapping for task type: usan...
2017-09-15 09:26:40 [DEBUG] - Proc: microblaze, proc_mode: default, WCET: 313729
2017-09-15 09:26:40 [DEBUG] - Proc: microblaze, proc_mode: eco, WCET: 1568645
2017-09-15 09:26:40 [DEBUG] - Proc: arm, proc_mode: default, WCET: 24133
2017-09-15 09:26:40 [DEBUG] - Proc: arm, proc_mode: eco, WCET: 241342
2017-09-15 09:26:40 [DEBUG] - Reading mapping for task type: direction...
2017-09-15 09:26:40 [DEBUG] - Proc: microblaze, proc_mode: default, WCET: 33241
2017-09-15 09:26:40 [DEBUG] - Proc: microblaze, proc_mode: eco, WCET: 166205
2017-09-15 09:26:40 [DEBUG] - Proc: arm, proc_mode: default, WCET: 2557
2017-09-15 09:26:40 [DEBUG] - Proc: arm, proc_mode: eco, WCET: 25566
2017-09-15 09:26:40 [DEBUG] - Reading mapping for task type: thin...
2017-09-15 09:26:40 [DEBUG] - Proc: microblaze, proc_mode: default, WCET: 10595
2017-09-15 09:26:40 [DEBUG] - Proc: microblaze, proc_mode: eco, WCET: 52975
2017-09-15 09:26:40 [DEBUG] - Proc: arm, proc_mode: default, WCET: 815
2017-09-15 09:26:40 [DEBUG] - Proc: arm, proc_mode: eco, WCET: 8144
2017-09-15 09:26:40 [DEBUG] - Reading mapping for task type: putImage...
2017-09-15 09:26:40 [DEBUG] - Proc: microblaze, proc_mode: default, WCET: 7423
2017-09-15 09:26:40 [DEBUG] - Proc: microblaze, proc_mode: eco, WCET: 37115
2017-09-15 09:26:40 [DEBUG] - Proc: arm, proc_mode: default, WCET: 571
2017-09-15 09:26:40 [DEBUG] - Proc: arm, proc_mode: eco, WCET: 5709
2017-09-15 09:26:40 [DEBUG] - Reading mapping for task type: frontEnd...
2017-09-15 09:26:40 [DEBUG] - Proc: microblaze, proc_mode: default, WCET: 141
2017-09-15 09:26:40 [DEBUG] - Proc: microblaze, proc_mode: eco, WCET: 169
2017-09-15 09:26:40 [DEBUG] - Proc: arm, proc_mode: default, WCET: 99
2017-09-15 09:26:40 [DEBUG] - Proc: arm, proc_mode: eco, WCET: 127
2017-09-15 09:26:40 [DEBUG] - Reading mapping for task type: rasta...
2017-09-15 09:26:40 [DEBUG] - Proc: microblaze, proc_mode: default, WCET: 31
2017-09-15 09:26:40 [DEBUG] - Proc: microblaze, proc_mode: eco, WCET: 37
2017-09-15 09:26:40 [DEBUG] - Proc: arm, proc_mode: default, WCET: 22
2017-09-15 09:26:40 [DEBUG] - Proc: arm, proc_mode: eco, WCET: 28
2017-09-15 09:26:40 [DEBUG] - Reading mapping for task type: powspec...
2017-09-15 09:26:40 [DEBUG] - Proc: microblaze, proc_mode: default, WCET: 235
2017-09-15 09:26:40 [DEBUG] - Proc: microblaze, proc_mode: eco, WCET: 282
2017-09-15 09:26:40 [DEBUG] - Proc: arm, proc_mode: default, WCET: 165
2017-09-15 09:26:40 [DEBUG] - Proc: arm, proc_mode: eco, WCET: 212
2017-09-15 09:26:40 [DEBUG] - Reading mapping for task type: audspec...
2017-09-15 09:26:40 [DEBUG] - Proc: microblaze, proc_mode: default, WCET: 108
2017-09-15 09:26:40 [DEBUG] - Proc: microblaze, proc_mode: eco, WCET: 130
2017-09-15 09:26:40 [DEBUG] - Proc: arm, proc_mode: default, WCET: 76
2017-09-15 09:26:40 [DEBUG] - Proc: arm, proc_mode: eco, WCET: 97
2017-09-15 09:26:40 [DEBUG] - Reading mapping for task type: compJah...
2017-09-15 09:26:40 [DEBUG] - Proc: microblaze, proc_mode: default, WCET: 108
2017-09-15 09:26:40 [DEBUG] - Proc: microblaze, proc_mode: eco, WCET: 130
2017-09-15 09:26:40 [DEBUG] - Proc: arm, proc_mode: default, WCET: 76
2017-09-15 09:26:40 [DEBUG] - Proc: arm, proc_mode: eco, WCET: 97
2017-09-15 09:26:40 [DEBUG] - Reading mapping for task type: rastaFilter...
2017-09-15 09:26:40 [DEBUG] - Proc: microblaze, proc_mode: default, WCET: 194
2017-09-15 09:26:40 [DEBUG] - Proc: microblaze, proc_mode: eco, WCET: 233
2017-09-15 09:26:40 [DEBUG] - Proc: arm, proc_mode: default, WCET: 136
2017-09-15 09:26:40 [DEBUG] - Proc: arm, proc_mode: eco, WCET: 175
2017-09-15 09:26:40 [DEBUG] - Reading mapping for task type: backEnd...
2017-09-15 09:26:40 [DEBUG] - Proc: microblaze, proc_mode: default, WCET: 133
2017-09-15 09:26:40 [DEBUG] - Proc: microblaze, proc_mode: eco, WCET: 160
2017-09-15 09:26:40 [DEBUG] - Proc: arm, proc_mode: default, WCET: 93
2017-09-15 09:26:40 [DEBUG] - Proc: arm, proc_mode: eco, WCET: 120
2017-09-15 09:26:40 [DEBUG] - Reading mapping for task type: getImage_0...
2017-09-15 09:26:40 [DEBUG] - Proc: microblaze, proc_mode: default, WCET: 413
2017-09-15 09:26:40 [DEBUG] - Proc: microblaze, proc_mode: eco, WCET: 496
2017-09-15 09:26:40 [DEBUG] - Proc: arm, proc_mode: default, WCET: 289
2017-09-15 09:26:40 [DEBUG] - Proc: arm, proc_mode: eco, WCET: 372
2017-09-15 09:26:40 [DEBUG] - Reading mapping for task type: CC_0...
2017-09-15 09:26:40 [DEBUG] - Proc: microblaze, proc_mode: default, WCET: 1101
2017-09-15 09:26:40 [DEBUG] - Proc: microblaze, proc_mode: eco, WCET: 1322
2017-09-15 09:26:40 [DEBUG] - Proc: arm, proc_mode: default, WCET: 771
2017-09-15 09:26:40 [DEBUG] - Proc: arm, proc_mode: eco, WCET: 991
2017-09-15 09:26:40 [DEBUG] - Reading mapping for task type: DCT_0...
2017-09-15 09:26:40 [DEBUG] - Proc: microblaze, proc_mode: default, WCET: 252
2017-09-15 09:26:40 [DEBUG] - Proc: microblaze, proc_mode: eco, WCET: 303
2017-09-15 09:26:40 [DEBUG] - Proc: arm, proc_mode: default, WCET: 177
2017-09-15 09:26:40 [DEBUG] - Proc: arm, proc_mode: eco, WCET: 227
2017-09-15 09:26:40 [DEBUG] - Reading mapping for task type: Huffman_0...
2017-09-15 09:26:40 [DEBUG] - Proc: microblaze, proc_mode: default, WCET: 340
2017-09-15 09:26:40 [DEBUG] - Proc: microblaze, proc_mode: eco, WCET: 408
2017-09-15 09:26:40 [DEBUG] - Proc: arm, proc_mode: default, WCET: 238
2017-09-15 09:26:40 [DEBUG] - Proc: arm, proc_mode: eco, WCET: 306
2017-09-15 09:26:40 [DEBUG] - Reading mapping for task type: DCT_1...
2017-09-15 09:26:40 [DEBUG] - Proc: microblaze, proc_mode: default, WCET: 252
2017-09-15 09:26:40 [DEBUG] - Proc: microblaze, proc_mode: eco, WCET: 303
2017-09-15 09:26:40 [DEBUG] - Proc: arm, proc_mode: default, WCET: 177
2017-09-15 09:26:40 [DEBUG] - Proc: arm, proc_mode: eco, WCET: 227
2017-09-15 09:26:40 [DEBUG] - Reading mapping for task type: Huffman_1...
2017-09-15 09:26:40 [DEBUG] - Proc: microblaze, proc_mode: default, WCET: 340
2017-09-15 09:26:40 [DEBUG] - Proc: microblaze, proc_mode: eco, WCET: 408
2017-09-15 09:26:40 [DEBUG] - Proc: arm, proc_mode: default, WCET: 238
2017-09-15 09:26:40 [DEBUG] - Proc: arm, proc_mode: eco, WCET: 306
2017-09-15 09:26:40 [DEBUG] - Reading mapping for task type: DCT_2...
2017-09-15 09:26:40 [DEBUG] - Proc: microblaze, proc_mode: default, WCET: 252
2017-09-15 09:26:40 [DEBUG] - Proc: microblaze, proc_mode: eco, WCET: 303
2017-09-15 09:26:40 [DEBUG] - Proc: arm, proc_mode: default, WCET: 177
2017-09-15 09:26:40 [DEBUG] - Proc: arm, proc_mode: eco, WCET: 227
2017-09-15 09:26:40 [DEBUG] - Reading mapping for task type: Huffman_2...
2017-09-15 09:26:40 [DEBUG] - Proc: microblaze, proc_mode: default, WCET: 340
2017-09-15 09:26:40 [DEBUG] - Proc: microblaze, proc_mode: eco, WCET: 408
2017-09-15 09:26:40 [DEBUG] - Proc: arm, proc_mode: default, WCET: 238
2017-09-15 09:26:40 [DEBUG] - Proc: arm, proc_mode: eco, WCET: 306
2017-09-15 09:26:40 [DEBUG] - Reading mapping for task type: DCT_3...
2017-09-15 09:26:40 [DEBUG] - Proc: microblaze, proc_mode: default, WCET: 252
2017-09-15 09:26:40 [DEBUG] - Proc: microblaze, proc_mode: eco, WCET: 303
2017-09-15 09:26:40 [DEBUG] - Proc: arm, proc_mode: default, WCET: 177
2017-09-15 09:26:40 [DEBUG] - Proc: arm, proc_mode: eco, WCET: 227
2017-09-15 09:26:40 [DEBUG] - Reading mapping for task type: Huffman_3...
2017-09-15 09:26:40 [DEBUG] - Proc: microblaze, proc_mode: default, WCET: 340
2017-09-15 09:26:40 [DEBUG] - Proc: microblaze, proc_mode: eco, WCET: 408
2017-09-15 09:26:40 [DEBUG] - Proc: arm, proc_mode: default, WCET: 238
2017-09-15 09:26:40 [DEBUG] - Proc: arm, proc_mode: eco, WCET: 306
2017-09-15 09:26:40 [DEBUG] - Reading mapping for task type: DCT_4...
2017-09-15 09:26:40 [DEBUG] - Proc: microblaze, proc_mode: default, WCET: 252
2017-09-15 09:26:40 [DEBUG] - Proc: microblaze, proc_mode: eco, WCET: 303
2017-09-15 09:26:40 [DEBUG] - Proc: arm, proc_mode: default, WCET: 177
2017-09-15 09:26:40 [DEBUG] - Proc: arm, proc_mode: eco, WCET: 227
2017-09-15 09:26:40 [DEBUG] - Reading mapping for task type: Huffman_4...
2017-09-15 09:26:40 [DEBUG] - Proc: microblaze, proc_mode: default, WCET: 340
2017-09-15 09:26:40 [DEBUG] - Proc: microblaze, proc_mode: eco, WCET: 408
2017-09-15 09:26:40 [DEBUG] - Proc: arm, proc_mode: default, WCET: 238
2017-09-15 09:26:40 [DEBUG] - Proc: arm, proc_mode: eco, WCET: 306
2017-09-15 09:26:40 [DEBUG] - Reading mapping for task type: DCT_5...
2017-09-15 09:26:40 [DEBUG] - Proc: microblaze, proc_mode: default, WCET: 252
2017-09-15 09:26:40 [DEBUG] - Proc: microblaze, proc_mode: eco, WCET: 303
2017-09-15 09:26:40 [DEBUG] - Proc: arm, proc_mode: default, WCET: 177
2017-09-15 09:26:40 [DEBUG] - Proc: arm, proc_mode: eco, WCET: 227
2017-09-15 09:26:40 [DEBUG] - Reading mapping for task type: Huffman_5...
2017-09-15 09:26:40 [DEBUG] - Proc: microblaze, proc_mode: default, WCET: 340
2017-09-15 09:26:40 [DEBUG] - Proc: microblaze, proc_mode: eco, WCET: 408
2017-09-15 09:26:40 [DEBUG] - Proc: arm, proc_mode: default, WCET: 238
2017-09-15 09:26:40 [DEBUG] - Proc: arm, proc_mode: eco, WCET: 306
2017-09-15 09:26:40 [DEBUG] - Reading mapping for task type: CS_0...
2017-09-15 09:26:40 [DEBUG] - Proc: microblaze, proc_mode: default, WCET: 2524
2017-09-15 09:26:40 [DEBUG] - Proc: microblaze, proc_mode: eco, WCET: 3029
2017-09-15 09:26:40 [DEBUG] - Proc: arm, proc_mode: default, WCET: 1767
2017-09-15 09:26:40 [DEBUG] - Proc: arm, proc_mode: eco, WCET: 2272
2017-09-15 09:26:40 [DEBUG] - Reading mapping for task type: writeImage_0...
2017-09-15 09:26:40 [DEBUG] - Proc: microblaze, proc_mode: default, WCET: 132
2017-09-15 09:26:40 [DEBUG] - Proc: microblaze, proc_mode: eco, WCET: 159
2017-09-15 09:26:40 [DEBUG] - Proc: arm, proc_mode: default, WCET: 93
2017-09-15 09:26:40 [DEBUG] - Proc: arm, proc_mode: eco, WCET: 119
2017-09-15 09:26:40 [DEBUG] - Reading mapping for task type: a0...
2017-09-15 09:26:40 [DEBUG] - Proc: microblaze, proc_mode: default, WCET: 30
2017-09-15 09:26:40 [DEBUG] - Proc: microblaze, proc_mode: eco, WCET: 36
2017-09-15 09:26:40 [DEBUG] - Proc: arm, proc_mode: default, WCET: 21
2017-09-15 09:26:40 [DEBUG] - Proc: arm, proc_mode: eco, WCET: 27
2017-09-15 09:26:40 [DEBUG] - Reading mapping for task type: a1...
2017-09-15 09:26:40 [DEBUG] - Proc: microblaze, proc_mode: default, WCET: 10
2017-09-15 09:26:40 [DEBUG] - Proc: microblaze, proc_mode: eco, WCET: 12
2017-09-15 09:26:40 [DEBUG] - Proc: arm, proc_mode: default, WCET: 7
2017-09-15 09:26:40 [DEBUG] - Proc: arm, proc_mode: eco, WCET: 9
2017-09-15 09:26:40 [DEBUG] - Reading mapping for task type: a2...
2017-09-15 09:26:40 [DEBUG] - Proc: microblaze, proc_mode: default, WCET: 20
2017-09-15 09:26:40 [DEBUG] - Proc: microblaze, proc_mode: eco, WCET: 24
2017-09-15 09:26:40 [DEBUG] - Proc: arm, proc_mode: default, WCET: 14
2017-09-15 09:26:40 [DEBUG] - Proc: arm, proc_mode: eco, WCET: 18
2017-09-15 09:26:40 [DEBUG] - Reading mapping for task type: a3...
2017-09-15 09:26:40 [DEBUG] - Proc: microblaze, proc_mode: default, WCET: 8
2017-09-15 09:26:40 [DEBUG] - Proc: microblaze, proc_mode: eco, WCET: 10
2017-09-15 09:26:40 [DEBUG] - Proc: arm, proc_mode: default, WCET: 6
2017-09-15 09:26:40 [DEBUG] - Proc: arm, proc_mode: eco, WCET: 7
2017-09-15 09:26:40 [DEBUG] - Reading mapping for task type: a4...
2017-09-15 09:26:40 [DEBUG] - Proc: microblaze, proc_mode: default, WCET: 320
2017-09-15 09:26:40 [DEBUG] - Proc: microblaze, proc_mode: eco, WCET: 384
2017-09-15 09:26:40 [DEBUG] - Proc: arm, proc_mode: default, WCET: 224
2017-09-15 09:26:40 [DEBUG] - Proc: arm, proc_mode: eco, WCET: 288
2017-09-15 09:26:40 [DEBUG] - Reading mapping for task type: a5...
2017-09-15 09:26:40 [DEBUG] - Proc: microblaze, proc_mode: default, WCET: 77
2017-09-15 09:26:40 [DEBUG] - Proc: microblaze, proc_mode: eco, WCET: 92
2017-09-15 09:26:40 [DEBUG] - Proc: arm, proc_mode: default, WCET: 54
2017-09-15 09:26:40 [DEBUG] - Proc: arm, proc_mode: eco, WCET: 69
2017-09-15 09:26:40 [DEBUG] - Reading mapping for task type: a6...
2017-09-15 09:26:40 [DEBUG] - Proc: microblaze, proc_mode: default, WCET: 77
2017-09-15 09:26:40 [DEBUG] - Proc: microblaze, proc_mode: eco, WCET: 92
2017-09-15 09:26:40 [DEBUG] - Proc: arm, proc_mode: default, WCET: 54
2017-09-15 09:26:40 [DEBUG] - Proc: arm, proc_mode: eco, WCET: 69
2017-09-15 09:26:40 [DEBUG] - Reading mapping for task type: a7...
2017-09-15 09:26:40 [DEBUG] - Proc: microblaze, proc_mode: default, WCET: 123
2017-09-15 09:26:40 [DEBUG] - Proc: microblaze, proc_mode: eco, WCET: 148
2017-09-15 09:26:40 [DEBUG] - Proc: arm, proc_mode: default, WCET: 86
2017-09-15 09:26:40 [DEBUG] - Proc: arm, proc_mode: eco, WCET: 111
2017-09-15 09:26:40 [DEBUG] - Reading mapping for task type: a8...
2017-09-15 09:26:40 [DEBUG] - Proc: microblaze, proc_mode: default, WCET: 141
2017-09-15 09:26:40 [DEBUG] - Proc: microblaze, proc_mode: eco, WCET: 169
2017-09-15 09:26:40 [DEBUG] - Proc: arm, proc_mode: default, WCET: 99
2017-09-15 09:26:40 [DEBUG] - Proc: arm, proc_mode: eco, WCET: 127
2017-09-15 09:26:40 [DEBUG] - Reading mapping for task type: a9...
2017-09-15 09:26:40 [DEBUG] - Proc: microblaze, proc_mode: default, WCET: 31
2017-09-15 09:26:40 [DEBUG] - Proc: microblaze, proc_mode: eco, WCET: 37
2017-09-15 09:26:40 [DEBUG] - Proc: arm, proc_mode: default, WCET: 22
2017-09-15 09:26:40 [DEBUG] - Proc: arm, proc_mode: eco, WCET: 28
2017-09-15 09:26:40 [INFO] - Sorting pr tasks based on utilization ...
2017-09-15 09:26:40 [INFO] - 
2017-09-15 09:26:40 [INFO] - No PRESOLVER specified.
2017-09-15 09:26:40 [DEBUG] - Gecode version: 4.4.0
2017-09-15 09:26:40 [DEBUG] - Int::Limits::max = 2147483646
2017-09-15 09:26:40 [DEBUG] - Creating Model...
2017-09-15 09:26:40 [DEBUG] - Platform with 4 nodes is not homogeneous.
                                Homogeneous nodes: 
                                Mode-homogeneous nodes: {0, 1} {0, 2} {1, 2}
2017-09-15 09:26:40 [DEBUG] - Found 9 program entities (9 actors of 2 SDFGs and 0 ipt tasks).
2017-09-15 09:26:40 [DEBUG] - --Actors and Tasks------------------
2017-09-15 09:26:40 [DEBUG] - 0: get_pixel
2017-09-15 09:26:40 [DEBUG] - 1: gx
2017-09-15 09:26:40 [DEBUG] - 2: gy
2017-09-15 09:26:40 [DEBUG] - 3: abs
2017-09-15 09:26:40 [DEBUG] - 4: getImage
2017-09-15 09:26:40 [DEBUG] - 5: usan
2017-09-15 09:26:40 [DEBUG] - 6: direction
2017-09-15 09:26:40 [DEBUG] - 7: thin
2017-09-15 09:26:40 [DEBUG] - 8: putImage
2017-09-15 09:26:40 [DEBUG] - --Channels------------------
2017-09-15 09:26:40 [DEBUG] - Ch 0: get_pixel -> gx   (0 -> 1)
2017-09-15 09:26:40 [DEBUG] - Ch 1: get_pixel -> gy   (0 -> 2)
2017-09-15 09:26:40 [DEBUG] - Ch 2: gx -> abs   (1 -> 3)
2017-09-15 09:26:40 [DEBUG] - Ch 3: gy -> abs   (2 -> 3)
2017-09-15 09:26:40 [DEBUG] - Ch 4: getImage -> usan   (4 -> 5)
2017-09-15 09:26:40 [DEBUG] - Ch 5: usan -> direction   (5 -> 6)
2017-09-15 09:26:40 [DEBUG] - Ch 6: direction -> thin   (6 -> 7)
2017-09-15 09:26:40 [DEBUG] - Ch 7: thin -> putImage   (7 -> 8)
2017-09-15 09:26:40 [DEBUG] - Design Constraints:
2017-09-15 09:26:40 [DEBUG] - SDF a_sobel:
                               	 period const: 10500
                               	 latency const: 8000
2017-09-15 09:26:40 [DEBUG] - SDF b_susan:
                               	 period const: 355000
                               	 latency const: 8000
2017-09-15 09:26:40 [INFO] - Inserting mapping constraints
2017-09-15 09:26:40 [DEBUG] - Mapping rules:
2017-09-15 09:26:40 [INFO] - Inserting IPT scheduling constraints
2017-09-15 09:26:40 [INFO] - Inserting scheduling constraints
2017-09-15 09:26:40 [INFO] - Inserting communication constraints
2017-09-15 09:26:40 [INFO] - TDN graph is of size 64
2017-09-15 09:26:40 [INFO] - Inserting power constraints
2017-09-15 09:26:40 [INFO] - Inserting cost metric constraints
2017-09-15 09:26:40 [INFO] - Inserting memory constraints
2017-09-15 09:26:40 [INFO] - Inserting throughput constraints
2017-09-15 09:26:40 [INFO] - using MCR propagator
2017-09-15 09:26:40 [INFO] - Creating an execution object ...
2017-09-15 09:26:40 [INFO] - Running the model object ...
2017-09-15 09:26:40 [INFO] - BAB engine, optimizing iteratively ...
2017-09-15 09:26:40 [INFO] - Opened file for printing results: exp_19/run1/out/out.txt
2017-09-15 09:26:40 [INFO] - started searching for OPTIMIZE_IT solutions
2017-09-15 09:26:40 [INFO] - Printing frequency: FIRSTandLAST
2017-09-15 09:26:40 [INFO] - 1 solution found in a search tree with 29 nodes so far
2017-09-15 09:26:41 [INFO] - 5 solution found in a search tree with 3517 nodes so far
2017-09-15 09:26:41 [INFO] - End of exploration. Result files written to exp_19/run1/out/
